{"name": "test_web", "status": "failed", "statusDetails": {"message": "AssertionError: assert False", "trace": "selenium = <selenium.webdriver.chrome.webdriver.WebDriver (session=\"18bb18fdfc829cf7ef0c50a540287bde\")>\n\n    @pytest.mark.web\n    def test_web(selenium):\n        selenium.get(\"https://www.baidu.com\")\n    \n        print(selenium.title)\n        time.sleep(1)\n>       assert False\nE       assert False\n\nai_mate_tests\\testsplan\\test_a.py:49: AssertionError"}, "attachments": [{"name": "stdout", "source": "0824c6e1-0d85-48d4-84d0-74ad598fe3bd-attachment.txt", "type": "text/plain"}], "start": 1767338320180, "stop": 1767338322567, "uuid": "09eeb681-ef65-4e15-9667-1aac6504e2b9", "historyId": "0324a761d96797bbcc7ceaf833a61936", "testCaseId": "0324a761d96797bbcc7ceaf833a61936", "fullName": "ai_mate_tests.testsplan.test_a#test_web", "labels": [{"name": "tag", "value": "web"}, {"name": "parentSuite", "value": "ai_mate_tests.testsplan"}, {"name": "suite", "value": "test_a"}, {"name": "host", "value": "DESKTOP-TFDMFFN"}, {"name": "thread", "value": "33620-MainThread"}, {"name": "framework", "value": "pytest"}, {"name": "language", "value": "cpython3"}, {"name": "package", "value": "ai_mate_tests.testsplan.test_a"}], "titlePath": ["ai_mate_tests", "testsplan", "test_a.py"]}