{"uid":"8b780f7f556c59ab","name":"test_device_pairing_multi_device","fullName":"ai_mate_tests.testsplan.test_search_and_pair#test_device_pairing_multi_device","historyId":"242d2332d267b50f121cdb0dcf70c76e","time":{"start":1761872772844,"stop":1761872805133,"duration":32289},"description":"多设备并行配对测试 - xdist 兼容","descriptionHtml":"<p>多设备并行配对测试 - xdist 兼容</p>\n","status":"broken","statusMessage":"RuntimeError: device2 测试失败: Message: An element could not be located on the page using the given search parameters.; For documentation on this error, please visit: https://www.selenium.dev/documentation/webdriver/troubleshooting/errors#nosuchelementexception\nStacktrace:\nNoSuchElementError: An element could not be located on the page using the given search parameters.\n    at AndroidUiautomator2Driver.findElOrEls (C:\\Program Files\\Appium\\resources\\app\\node_modules\\appium\\node_modules\\appium-android-driver\\lib\\commands\\find.js:75:11)","statusTrace":"driver = <appium.webdriver.webdriver.WebDriver (session=\"23e5db02-5242-436f-a455-291e63ed49e8\")>, device_name = 'device2'\n\n    def _run_single_pairing_test(driver, device_name):\n        \"\"\"单设备配对测试函数\"\"\"\n        try:\n            welcome = WelcomePage(driver)\n            device = DevicePage(driver)\n            popup = PopupPage(driver)\n    \n            popup.handle_interference_popup()\n>           welcome.accept_all()\n\nai_mate_tests\\testsplan\\test_search_and_pair.py:17: \n_ _ _ _ _ _ _ _ _ _ _ _ _ _ _ _ _ _ _ _ _ _ _ _ _ _ _ _ _ _ _ _ _ _ _ _ _ _ _ _ _ _ _ _ _ _ _ _ _ _ _ _ _ _ _ _ _ _ _ _ _ _ _ _ _ _ _ _ _ _ _ _ _ _\nai_mate_tests\\pages\\welcome_page.py:6: in accept_all\n    self.click_by_config(\"agree_protocol\")\nai_mate_tests\\pages\\base_page.py:42: in click_by_config\n    return self.element_manager.click(self.driver, element_key)\n           ^^^^^^^^^^^^^^^^^^^^^^^^^^^^^^^^^^^^^^^^^^^^^^^^^^^^\nai_mate_tests\\utils\\element_manager.py:20: in click\n    driver.find_element(by, locator).click()\n    ^^^^^^^^^^^^^^^^^^^^^^^^^^^^^^^^\n..\\..\\..\\AppData\\Local\\Programs\\Python\\Python313\\Lib\\site-packages\\appium\\webdriver\\webdriver.py:409: in find_element\n    return self.execute(RemoteCommand.FIND_ELEMENT, {'using': by, 'value': value})['value']\n           ^^^^^^^^^^^^^^^^^^^^^^^^^^^^^^^^^^^^^^^^^^^^^^^^^^^^^^^^^^^^^^^^^^^^^^^\n..\\..\\..\\AppData\\Local\\Programs\\Python\\Python313\\Lib\\site-packages\\selenium\\webdriver\\remote\\webdriver.py:458: in execute\n    self.error_handler.check_response(response)\n_ _ _ _ _ _ _ _ _ _ _ _ _ _ _ _ _ _ _ _ _ _ _ _ _ _ _ _ _ _ _ _ _ _ _ _ _ _ _ _ _ _ _ _ _ _ _ _ _ _ _ _ _ _ _ _ _ _ _ _ _ _ _ _ _ _ _ _ _ _ _ _ _ _\n\nself = <appium.webdriver.errorhandler.MobileErrorHandler object at 0x000001AAD699D940>\nresponse = {'status': 404, 'value': '{\"value\":{\"error\":\"no such element\",\"message\":\"An element could not be located on the page u...ces\\\\\\\\app\\\\\\\\node_modules\\\\\\\\appium\\\\\\\\node_modules\\\\\\\\appium-android-driver\\\\\\\\lib\\\\\\\\commands\\\\\\\\find.js:75:11)\"}}'}\n\n    def check_response(self, response: Dict[str, Any]) -> None:\n        \"\"\"\n        https://www.w3.org/TR/webdriver/#errors\n        \"\"\"\n        payload = response.get('value', '')\n        try:\n            payload_dict = json.loads(payload)\n        except (json.JSONDecodeError, TypeError):\n            return\n        if not isinstance(payload_dict, dict):\n            return\n        value = payload_dict.get('value')\n        if not isinstance(value, dict):\n            return\n        error = value.get('error')\n        if not error:\n            return\n    \n        message = value.get('message', error)\n        stacktrace = value.get('stacktrace', '')\n        # In theory, we should also be checking HTTP status codes.\n        # Java client, for example, prints a warning if the actual `error`\n        # value does not match to the response's HTTP status code.\n        exception_class: Type[sel_exceptions.WebDriverException] = ERROR_TO_EXC_MAPPING.get(\n            error, sel_exceptions.WebDriverException\n        )\n        if exception_class is sel_exceptions.WebDriverException and message:\n            if message == 'No such context found.':\n                exception_class = appium_exceptions.NoSuchContextException\n            elif message == 'That command could not be executed in the current context.':\n                exception_class = appium_exceptions.InvalidSwitchToTargetException\n    \n        if exception_class is sel_exceptions.UnexpectedAlertPresentException:\n            raise sel_exceptions.UnexpectedAlertPresentException(\n                msg=message,\n                stacktrace=format_stacktrace(stacktrace),\n                alert_text=value.get('data'),\n            )\n>       raise exception_class(msg=message, stacktrace=format_stacktrace(stacktrace))\nE       selenium.common.exceptions.NoSuchElementException: Message: An element could not be located on the page using the given search parameters.; For documentation on this error, please visit: https://www.selenium.dev/documentation/webdriver/troubleshooting/errors#nosuchelementexception\nE       Stacktrace:\nE       NoSuchElementError: An element could not be located on the page using the given search parameters.\nE           at AndroidUiautomator2Driver.findElOrEls (C:\\Program Files\\Appium\\resources\\app\\node_modules\\appium\\node_modules\\appium-android-driver\\lib\\commands\\find.js:75:11)\n\n..\\..\\..\\AppData\\Local\\Programs\\Python\\Python313\\Lib\\site-packages\\appium\\webdriver\\errorhandler.py:122: NoSuchElementException\n\nDuring handling of the above exception, another exception occurred:\n\nparallel_drivers = {'device1': <appium.webdriver.webdriver.WebDriver (session=\"330a3fb2-2f72-4592-9437-25f51751af4b\")>, 'device2': <appium.webdriver.webdriver.WebDriver (session=\"23e5db02-5242-436f-a455-291e63ed49e8\")>}\n\n    @pytest.mark.app_type(\"ai_mate\")\n    @pytest.mark.pairing_test\n    def test_device_pairing_multi_device(parallel_drivers):\n        \"\"\"多设备并行配对测试 - xdist 兼容\"\"\"\n        with allure.step(\"多设备并行配对测试\"):\n            results = {}\n    \n            # 并行执行所有设备配对\n            with ThreadPoolExecutor(max_workers=len(parallel_drivers)) as executor:\n                future_to_device = {\n                    executor.submit(_run_single_pairing_test, driver, device_name): device_name\n                    for device_name, driver in parallel_drivers.items()\n                }\n    \n                for future in as_completed(future_to_device):\n>                   device_name, success, error = future.result()\n                                                  ^^^^^^^^^^^^^^^\n\nai_mate_tests\\testsplan\\test_search_and_pair.py:48: \n_ _ _ _ _ _ _ _ _ _ _ _ _ _ _ _ _ _ _ _ _ _ _ _ _ _ _ _ _ _ _ _ _ _ _ _ _ _ _ _ _ _ _ _ _ _ _ _ _ _ _ _ _ _ _ _ _ _ _ _ _ _ _ _ _ _ _ _ _ _ _ _ _ _\n..\\..\\..\\AppData\\Local\\Programs\\Python\\Python313\\Lib\\concurrent\\futures\\_base.py:449: in result\n    return self.__get_result()\n           ^^^^^^^^^^^^^^^^^^^\n..\\..\\..\\AppData\\Local\\Programs\\Python\\Python313\\Lib\\concurrent\\futures\\_base.py:401: in __get_result\n    raise self._exception\n..\\..\\..\\AppData\\Local\\Programs\\Python\\Python313\\Lib\\concurrent\\futures\\thread.py:59: in run\n    result = self.fn(*self.args, **self.kwargs)\n             ^^^^^^^^^^^^^^^^^^^^^^^^^^^^^^^^^^\n_ _ _ _ _ _ _ _ _ _ _ _ _ _ _ _ _ _ _ _ _ _ _ _ _ _ _ _ _ _ _ _ _ _ _ _ _ _ _ _ _ _ _ _ _ _ _ _ _ _ _ _ _ _ _ _ _ _ _ _ _ _ _ _ _ _ _ _ _ _ _ _ _ _\n\ndriver = <appium.webdriver.webdriver.WebDriver (session=\"23e5db02-5242-436f-a455-291e63ed49e8\")>, device_name = 'device2'\n\n    def _run_single_pairing_test(driver, device_name):\n        \"\"\"单设备配对测试函数\"\"\"\n        try:\n            welcome = WelcomePage(driver)\n            device = DevicePage(driver)\n            popup = PopupPage(driver)\n    \n            popup.handle_interference_popup()\n            welcome.accept_all()\n            popup.handle_interference_popup()\n    \n            device.search_device()\n            device.pair_device()\n    \n            assert device.is_paired_success(timeout=30), f\"{device_name} 配对失败\"\n    \n            print(f\"✅ {device_name} - 配对成功\")\n            return device_name, True, None\n        except Exception as e:\n            print(f\"❌ {device_name} - 配对失败: {e}\")\n>           raise RuntimeError(f\"{device_name} 测试失败: {e}\")\nE           RuntimeError: device2 测试失败: Message: An element could not be located on the page using the given search parameters.; For documentation on this error, please visit: https://www.selenium.dev/documentation/webdriver/troubleshooting/errors#nosuchelementexception\nE           Stacktrace:\nE           NoSuchElementError: An element could not be located on the page using the given search parameters.\nE               at AndroidUiautomator2Driver.findElOrEls (C:\\Program Files\\Appium\\resources\\app\\node_modules\\appium\\node_modules\\appium-android-driver\\lib\\commands\\find.js:75:11)\n\nai_mate_tests\\testsplan\\test_search_and_pair.py:29: RuntimeError","flaky":false,"newFailed":false,"newBroken":false,"newPassed":false,"retriesCount":0,"retriesStatusChange":false,"beforeStages":[{"name":"device_manager","time":{"start":1761872747700,"stop":1761872748009,"duration":309},"status":"passed","steps":[],"attachments":[],"parameters":[],"attachmentsCount":0,"shouldDisplayMessage":false,"hasContent":false,"stepsCount":0,"attachmentStep":false},{"name":"parallel_drivers","time":{"start":1761872748009,"stop":1761872772843,"duration":24834},"status":"passed","steps":[],"attachments":[],"parameters":[],"attachmentsCount":0,"shouldDisplayMessage":false,"hasContent":false,"stepsCount":0,"attachmentStep":false}],"testStage":{"description":"多设备并行配对测试 - xdist 兼容","status":"broken","statusMessage":"RuntimeError: device2 测试失败: Message: An element could not be located on the page using the given search parameters.; For documentation on this error, please visit: https://www.selenium.dev/documentation/webdriver/troubleshooting/errors#nosuchelementexception\nStacktrace:\nNoSuchElementError: An element could not be located on the page using the given search parameters.\n    at AndroidUiautomator2Driver.findElOrEls (C:\\Program Files\\Appium\\resources\\app\\node_modules\\appium\\node_modules\\appium-android-driver\\lib\\commands\\find.js:75:11)","statusTrace":"driver = <appium.webdriver.webdriver.WebDriver (session=\"23e5db02-5242-436f-a455-291e63ed49e8\")>, device_name = 'device2'\n\n    def _run_single_pairing_test(driver, device_name):\n        \"\"\"单设备配对测试函数\"\"\"\n        try:\n            welcome = WelcomePage(driver)\n            device = DevicePage(driver)\n            popup = PopupPage(driver)\n    \n            popup.handle_interference_popup()\n>           welcome.accept_all()\n\nai_mate_tests\\testsplan\\test_search_and_pair.py:17: \n_ _ _ _ _ _ _ _ _ _ _ _ _ _ _ _ _ _ _ _ _ _ _ _ _ _ _ _ _ _ _ _ _ _ _ _ _ _ _ _ _ _ _ _ _ _ _ _ _ _ _ _ _ _ _ _ _ _ _ _ _ _ _ _ _ _ _ _ _ _ _ _ _ _\nai_mate_tests\\pages\\welcome_page.py:6: in accept_all\n    self.click_by_config(\"agree_protocol\")\nai_mate_tests\\pages\\base_page.py:42: in click_by_config\n    return self.element_manager.click(self.driver, element_key)\n           ^^^^^^^^^^^^^^^^^^^^^^^^^^^^^^^^^^^^^^^^^^^^^^^^^^^^\nai_mate_tests\\utils\\element_manager.py:20: in click\n    driver.find_element(by, locator).click()\n    ^^^^^^^^^^^^^^^^^^^^^^^^^^^^^^^^\n..\\..\\..\\AppData\\Local\\Programs\\Python\\Python313\\Lib\\site-packages\\appium\\webdriver\\webdriver.py:409: in find_element\n    return self.execute(RemoteCommand.FIND_ELEMENT, {'using': by, 'value': value})['value']\n           ^^^^^^^^^^^^^^^^^^^^^^^^^^^^^^^^^^^^^^^^^^^^^^^^^^^^^^^^^^^^^^^^^^^^^^^\n..\\..\\..\\AppData\\Local\\Programs\\Python\\Python313\\Lib\\site-packages\\selenium\\webdriver\\remote\\webdriver.py:458: in execute\n    self.error_handler.check_response(response)\n_ _ _ _ _ _ _ _ _ _ _ _ _ _ _ _ _ _ _ _ _ _ _ _ _ _ _ _ _ _ _ _ _ _ _ _ _ _ _ _ _ _ _ _ _ _ _ _ _ _ _ _ _ _ _ _ _ _ _ _ _ _ _ _ _ _ _ _ _ _ _ _ _ _\n\nself = <appium.webdriver.errorhandler.MobileErrorHandler object at 0x000001AAD699D940>\nresponse = {'status': 404, 'value': '{\"value\":{\"error\":\"no such element\",\"message\":\"An element could not be located on the page u...ces\\\\\\\\app\\\\\\\\node_modules\\\\\\\\appium\\\\\\\\node_modules\\\\\\\\appium-android-driver\\\\\\\\lib\\\\\\\\commands\\\\\\\\find.js:75:11)\"}}'}\n\n    def check_response(self, response: Dict[str, Any]) -> None:\n        \"\"\"\n        https://www.w3.org/TR/webdriver/#errors\n        \"\"\"\n        payload = response.get('value', '')\n        try:\n            payload_dict = json.loads(payload)\n        except (json.JSONDecodeError, TypeError):\n            return\n        if not isinstance(payload_dict, dict):\n            return\n        value = payload_dict.get('value')\n        if not isinstance(value, dict):\n            return\n        error = value.get('error')\n        if not error:\n            return\n    \n        message = value.get('message', error)\n        stacktrace = value.get('stacktrace', '')\n        # In theory, we should also be checking HTTP status codes.\n        # Java client, for example, prints a warning if the actual `error`\n        # value does not match to the response's HTTP status code.\n        exception_class: Type[sel_exceptions.WebDriverException] = ERROR_TO_EXC_MAPPING.get(\n            error, sel_exceptions.WebDriverException\n        )\n        if exception_class is sel_exceptions.WebDriverException and message:\n            if message == 'No such context found.':\n                exception_class = appium_exceptions.NoSuchContextException\n            elif message == 'That command could not be executed in the current context.':\n                exception_class = appium_exceptions.InvalidSwitchToTargetException\n    \n        if exception_class is sel_exceptions.UnexpectedAlertPresentException:\n            raise sel_exceptions.UnexpectedAlertPresentException(\n                msg=message,\n                stacktrace=format_stacktrace(stacktrace),\n                alert_text=value.get('data'),\n            )\n>       raise exception_class(msg=message, stacktrace=format_stacktrace(stacktrace))\nE       selenium.common.exceptions.NoSuchElementException: Message: An element could not be located on the page using the given search parameters.; For documentation on this error, please visit: https://www.selenium.dev/documentation/webdriver/troubleshooting/errors#nosuchelementexception\nE       Stacktrace:\nE       NoSuchElementError: An element could not be located on the page using the given search parameters.\nE           at AndroidUiautomator2Driver.findElOrEls (C:\\Program Files\\Appium\\resources\\app\\node_modules\\appium\\node_modules\\appium-android-driver\\lib\\commands\\find.js:75:11)\n\n..\\..\\..\\AppData\\Local\\Programs\\Python\\Python313\\Lib\\site-packages\\appium\\webdriver\\errorhandler.py:122: NoSuchElementException\n\nDuring handling of the above exception, another exception occurred:\n\nparallel_drivers = {'device1': <appium.webdriver.webdriver.WebDriver (session=\"330a3fb2-2f72-4592-9437-25f51751af4b\")>, 'device2': <appium.webdriver.webdriver.WebDriver (session=\"23e5db02-5242-436f-a455-291e63ed49e8\")>}\n\n    @pytest.mark.app_type(\"ai_mate\")\n    @pytest.mark.pairing_test\n    def test_device_pairing_multi_device(parallel_drivers):\n        \"\"\"多设备并行配对测试 - xdist 兼容\"\"\"\n        with allure.step(\"多设备并行配对测试\"):\n            results = {}\n    \n            # 并行执行所有设备配对\n            with ThreadPoolExecutor(max_workers=len(parallel_drivers)) as executor:\n                future_to_device = {\n                    executor.submit(_run_single_pairing_test, driver, device_name): device_name\n                    for device_name, driver in parallel_drivers.items()\n                }\n    \n                for future in as_completed(future_to_device):\n>                   device_name, success, error = future.result()\n                                                  ^^^^^^^^^^^^^^^\n\nai_mate_tests\\testsplan\\test_search_and_pair.py:48: \n_ _ _ _ _ _ _ _ _ _ _ _ _ _ _ _ _ _ _ _ _ _ _ _ _ _ _ _ _ _ _ _ _ _ _ _ _ _ _ _ _ _ _ _ _ _ _ _ _ _ _ _ _ _ _ _ _ _ _ _ _ _ _ _ _ _ _ _ _ _ _ _ _ _\n..\\..\\..\\AppData\\Local\\Programs\\Python\\Python313\\Lib\\concurrent\\futures\\_base.py:449: in result\n    return self.__get_result()\n           ^^^^^^^^^^^^^^^^^^^\n..\\..\\..\\AppData\\Local\\Programs\\Python\\Python313\\Lib\\concurrent\\futures\\_base.py:401: in __get_result\n    raise self._exception\n..\\..\\..\\AppData\\Local\\Programs\\Python\\Python313\\Lib\\concurrent\\futures\\thread.py:59: in run\n    result = self.fn(*self.args, **self.kwargs)\n             ^^^^^^^^^^^^^^^^^^^^^^^^^^^^^^^^^^\n_ _ _ _ _ _ _ _ _ _ _ _ _ _ _ _ _ _ _ _ _ _ _ _ _ _ _ _ _ _ _ _ _ _ _ _ _ _ _ _ _ _ _ _ _ _ _ _ _ _ _ _ _ _ _ _ _ _ _ _ _ _ _ _ _ _ _ _ _ _ _ _ _ _\n\ndriver = <appium.webdriver.webdriver.WebDriver (session=\"23e5db02-5242-436f-a455-291e63ed49e8\")>, device_name = 'device2'\n\n    def _run_single_pairing_test(driver, device_name):\n        \"\"\"单设备配对测试函数\"\"\"\n        try:\n            welcome = WelcomePage(driver)\n            device = DevicePage(driver)\n            popup = PopupPage(driver)\n    \n            popup.handle_interference_popup()\n            welcome.accept_all()\n            popup.handle_interference_popup()\n    \n            device.search_device()\n            device.pair_device()\n    \n            assert device.is_paired_success(timeout=30), f\"{device_name} 配对失败\"\n    \n            print(f\"✅ {device_name} - 配对成功\")\n            return device_name, True, None\n        except Exception as e:\n            print(f\"❌ {device_name} - 配对失败: {e}\")\n>           raise RuntimeError(f\"{device_name} 测试失败: {e}\")\nE           RuntimeError: device2 测试失败: Message: An element could not be located on the page using the given search parameters.; For documentation on this error, please visit: https://www.selenium.dev/documentation/webdriver/troubleshooting/errors#nosuchelementexception\nE           Stacktrace:\nE           NoSuchElementError: An element could not be located on the page using the given search parameters.\nE               at AndroidUiautomator2Driver.findElOrEls (C:\\Program Files\\Appium\\resources\\app\\node_modules\\appium\\node_modules\\appium-android-driver\\lib\\commands\\find.js:75:11)\n\nai_mate_tests\\testsplan\\test_search_and_pair.py:29: RuntimeError","steps":[{"name":"多设备并行配对测试","time":{"start":1761872772844,"stop":1761872805124,"duration":32280},"status":"broken","statusMessage":"RuntimeError: device2 测试失败: Message: An element could not be located on the page using the given search parameters.; For documentation on this error, please visit: https://www.selenium.dev/documentation/webdriver/troubleshooting/errors#nosuchelementexception\nStacktrace:\nNoSuchElementError: An element could not be located on the page using the given search parameters.\n    at AndroidUiautomator2Driver.findElOrEls (C:\\Program Files\\Appium\\resources\\app\\node_modules\\appium\\node_modules\\appium-android-driver\\lib\\commands\\find.js:75:11)\n","statusTrace":"  File \"C:\\Users\\536131\\Documents\\GitHub\\cg02app\\ai_mate_tests\\testsplan\\test_search_and_pair.py\", line 48, in test_device_pairing_multi_device\n    device_name, success, error = future.result()\n                                  ~~~~~~~~~~~~~^^\n  File \"C:\\Users\\536131\\AppData\\Local\\Programs\\Python\\Python313\\Lib\\concurrent\\futures\\_base.py\", line 449, in result\n    return self.__get_result()\n           ~~~~~~~~~~~~~~~~~^^\n  File \"C:\\Users\\536131\\AppData\\Local\\Programs\\Python\\Python313\\Lib\\concurrent\\futures\\_base.py\", line 401, in __get_result\n    raise self._exception\n  File \"C:\\Users\\536131\\AppData\\Local\\Programs\\Python\\Python313\\Lib\\concurrent\\futures\\thread.py\", line 59, in run\n    result = self.fn(*self.args, **self.kwargs)\n  File \"C:\\Users\\536131\\Documents\\GitHub\\cg02app\\ai_mate_tests\\testsplan\\test_search_and_pair.py\", line 29, in _run_single_pairing_test\n    raise RuntimeError(f\"{device_name} 测试失败: {e}\")\n","steps":[],"attachments":[],"parameters":[],"attachmentsCount":0,"shouldDisplayMessage":true,"hasContent":true,"stepsCount":0,"attachmentStep":false}],"attachments":[{"uid":"4d21949633919e5e","name":"device1_ai_mate_tests/testsplan/test_search_and_pair.py__test_device_pairing_multi_device","source":"4d21949633919e5e.png","type":"image/png","size":113120},{"uid":"52995ed0109820c","name":"device2_ai_mate_tests/testsplan/test_search_and_pair.py__test_device_pairing_multi_device","source":"52995ed0109820c.png","type":"image/png","size":222785},{"uid":"9555bf35e0ec9509","name":"stdout","source":"9555bf35e0ec9509.txt","type":"text/plain","size":1478}],"parameters":[],"attachmentsCount":3,"shouldDisplayMessage":true,"hasContent":true,"stepsCount":1,"attachmentStep":false},"afterStages":[{"name":"parallel_drivers::0","time":{"start":1761872806381,"stop":1761872807702,"duration":1321},"status":"passed","steps":[],"attachments":[],"parameters":[],"attachmentsCount":0,"shouldDisplayMessage":false,"hasContent":false,"stepsCount":0,"attachmentStep":false}],"labels":[{"name":"tag","value":"pairing_test"},{"name":"parentSuite","value":"ai_mate_tests.testsplan"},{"name":"suite","value":"test_search_and_pair"},{"name":"host","value":"DESKTOP-TFDMFFN"},{"name":"thread","value":"20420-MainThread"},{"name":"framework","value":"pytest"},{"name":"language","value":"cpython3"},{"name":"package","value":"ai_mate_tests.testsplan.test_search_and_pair"},{"name":"resultFormat","value":"allure2"}],"parameters":[],"links":[],"hidden":false,"retry":false,"extra":{"severity":"normal","retries":[],"categories":[{"name":"Test defects","matchedStatuses":[]}],"tags":["pairing_test"]},"source":"8b780f7f556c59ab.json","parameterValues":[]}